Base path: C:/Program Files (x86)/Unity/Editor/Data
Pipe name: \\.\pipe\UnityShaderCompiler-1-4608
Cmd: getPlatforms
Cmd: preprocess
  insize=9613 outsize=2432 ok=1
Cmd: compileSnippet
  api=1 type=0 insize=6564 outsize=132 kw= ok=1
Cmd: compileSnippet
  api=1 type=1 insize=6564 outsize=457 kw= ok=1
Cmd: compileSnippet
  api=1 type=0 insize=6560 outsize=132 kw= ok=1
Cmd: compileSnippet
  api=1 type=1 insize=6560 outsize=647 kw= ok=1
Cmd: compileSnippet
  api=1 type=0 insize=6560 outsize=132 kw= ok=1
Cmd: compileSnippet
  api=1 type=1 insize=6560 outsize=515 kw= ok=1
Cmd: compileSnippet
  api=1 type=0 insize=6560 outsize=132 kw= ok=1
Cmd: compileSnippet
  api=1 type=1 insize=6560 outsize=515 kw= ok=1
Cmd: compileSnippet
  api=1 type=0 insize=6563 outsize=132 kw= ok=1
Cmd: compileSnippet
  api=1 type=1 insize=6563 outsize=739 kw= ok=1
Cmd: compileSnippet
  api=1 type=0 insize=6563 outsize=132 kw= ok=1
Cmd: compileSnippet
  api=1 type=1 insize=6563 outsize=456 kw= ok=1
Cmd: compileSnippet
  api=1 type=0 insize=6572 outsize=132 kw= ok=1
Cmd: compileSnippet
  api=1 type=1 insize=6572 outsize=269 kw= ok=1
Cmd: compileSnippet
  api=1 type=0 insize=6577 outsize=132 kw= ok=1
Cmd: compileSnippet
  api=1 type=1 insize=6577 outsize=381 kw= ok=1
Cmd: compileSnippet
  api=1 type=0 insize=6570 outsize=132 kw= ok=1
Cmd: compileSnippet
  api=1 type=1 insize=6570 outsize=180 kw= ok=1
Cmd: compileSnippet
  api=1 type=0 insize=6568 outsize=132 kw= ok=1
Cmd: compileSnippet
  api=1 type=1 insize=6568 outsize=445 kw= ok=1
Cmd: compileSnippet
  api=1 type=0 insize=6575 outsize=132 kw= ok=1
Cmd: compileSnippet
  api=1 type=1 insize=6575 outsize=478 kw= ok=1
Cmd: preprocess
  insize=11644 outsize=758 ok=1
Cmd: compileSnippet
  api=1 type=0 insize=10605 outsize=132 kw= ok=1
Cmd: compileSnippet
  api=1 type=1 insize=10605 outsize=460 kw= ok=1
Cmd: compileSnippet
  api=1 type=0 insize=10628 outsize=156 kw= ok=1
Cmd: compileSnippet
  api=1 type=1 insize=10628 outsize=3842 kw= ok=1
Cmd: compileSnippet
  api=1 type=0 insize=10627 outsize=156 kw= ok=1
Cmd: compileSnippet
  api=1 type=1 insize=10627 outsize=3819 kw= ok=1
Cmd: preprocess
  insize=464 outsize=464 ok=1
Cmd: preprocess
  insize=1651 outsize=2267 ok=1
Cmd: preprocess
  insize=1297 outsize=487 ok=1
Cmd: compileSnippet
  api=1 type=0 insize=1008 outsize=132 kw= ok=1
Cmd: compileSnippet
  api=1 type=1 insize=1008 outsize=136 kw= ok=1
Cmd: compileSnippet
  api=1 type=0 insize=1007 outsize=132 kw= ok=1
Cmd: compileSnippet
  api=1 type=1 insize=1007 outsize=134 kw= ok=1
Cmd: preprocess
  insize=10024 outsize=963 ok=1
Cmd: compileSnippet
  api=1 type=0 insize=8984 outsize=479 kw= ok=1
Cmd: compileSnippet
  api=1 type=1 insize=8984 outsize=1035 kw= ok=1
Cmd: compileSnippet
  api=1 type=0 insize=8989 outsize=547 kw= ok=1
Cmd: compileSnippet
  api=1 type=1 insize=8989 outsize=1137 kw= ok=1
Cmd: compileSnippet
  api=1 type=0 insize=9009 outsize=318 kw= ok=1
Cmd: compileSnippet
  api=1 type=1 insize=9009 outsize=1218 kw= ok=1
Cmd: compileSnippet
  api=1 type=0 insize=9004 outsize=318 kw= ok=1
Cmd: compileSnippet
  api=1 type=1 insize=9004 outsize=1333 kw= ok=1
Cmd: compileSnippet
  api=1 type=0 insize=9009 outsize=393 kw= ok=1
Cmd: compileSnippet
  api=1 type=1 insize=9009 outsize=367 kw= ok=1
Cmd: preprocess
  insize=1766 outsize=369 ok=1
Cmd: compileSnippet
  api=1 type=0 insize=1642 outsize=269 kw= ok=1
Cmd: compileSnippet
  api=1 type=1 insize=1642 outsize=644 kw= ok=1
Cmd: preprocess
  insize=848 outsize=848 ok=1
Cmd: preprocess
  insize=980 outsize=375 ok=1
Cmd: compileSnippet
  api=1 type=0 insize=875 outsize=132 kw= ok=1
Cmd: compileSnippet
  api=1 type=1 insize=875 outsize=392 kw= ok=1
Cmd: preprocess
  insize=2439 outsize=908 ok=1
Cmd: compileSnippet
  api=1 type=0 insize=1770 outsize=308 kw= ok=1
Cmd: compileSnippet
  api=1 type=1 insize=1770 outsize=351 kw= ok=1
Cmd: preprocess
  insize=1654 outsize=525 ok=1
Cmd: compileSnippet
  api=1 type=0 insize=1381 outsize=186 kw= ok=1
Cmd: compileSnippet
  api=1 type=1 insize=1381 outsize=462 kw= ok=1
Cmd: preprocess
  insize=1071 outsize=336 ok=1
Cmd: compileSnippet
  api=1 type=0 insize=1002 outsize=132 kw= ok=1
Cmd: compileSnippet
  api=1 type=1 insize=1002 outsize=217 kw= ok=1
Cmd: preprocess
  insize=5351 outsize=2168 ok=1
Cmd: compileSnippet
  api=1 type=0 insize=3359 outsize=449 kw=WATER_REFRACTIVE ok=1
Cmd: compileSnippet
  api=1 type=1 insize=3359 outsize=810 kw=WATER_REFRACTIVE ok=1
Cmd: preprocess
  insize=2062 outsize=510 ok=1
Cmd: compileSnippet
  api=1 type=0 insize=1809 outsize=211 kw= ok=1
Cmd: compileSnippet
  api=1 type=1 insize=1809 outsize=576 kw= ok=1
Cmd: preprocess
  insize=2433 outsize=511 ok=1
Cmd: compileSnippet
  api=1 type=0 insize=2154 outsize=425 kw= ok=1
Cmd: compileSnippet
  api=1 type=1 insize=2154 outsize=461 kw= ok=1
Cmd: preprocess
  insize=1366 outsize=431 ok=1
Cmd: compileSnippet
  api=1 type=0 insize=1191 outsize=335 kw= ok=1
Cmd: compileSnippet
  api=1 type=1 insize=1191 outsize=361 kw= ok=1
Cmd: preprocess
  insize=3792 outsize=745 ok=1
Cmd: compileSnippet
  api=1 type=0 insize=3154 outsize=132 kw= ok=1
Cmd: compileSnippet
  api=1 type=1 insize=3154 outsize=381 kw= ok=1
Cmd: compileSnippet
  api=1 type=0 insize=3153 outsize=132 kw= ok=1
Cmd: compileSnippet
  api=1 type=1 insize=3153 outsize=332 kw= ok=1
Cmd: compileSnippet
  api=1 type=0 insize=3198 outsize=132 kw= ok=1
Cmd: compileSnippet
  api=1 type=1 insize=3198 outsize=1561 kw= ok=1
Cmd: preprocess
  insize=2060 outsize=511 ok=1
Cmd: compileSnippet
  api=1 type=0 insize=1788 outsize=308 kw= ok=1
Cmd: compileSnippet
  api=1 type=1 insize=1788 outsize=362 kw= ok=1
Cmd: preprocess
  insize=1486 outsize=2211 ok=1
Cmd: preprocess
  insize=1303 outsize=429 ok=1
Cmd: compileSnippet
  api=1 type=0 insize=1138 outsize=132 kw= ok=1
Cmd: compileSnippet
  api=1 type=1 insize=1138 outsize=664 kw= ok=1
Cmd: preprocess
  insize=7094 outsize=844 ok=1
Cmd: compileSnippet
  api=1 type=0 insize=2033 outsize=204 kw= ok=1
Cmd: compileSnippet
  api=1 type=1 insize=2033 outsize=4188 kw= ok=1
Cmd: compileSnippet
  api=1 type=0 insize=2298 outsize=204 kw= ok=1
Cmd: compileSnippet
  api=1 type=1 insize=2298 outsize=6952 kw= ok=1
Cmd: compileSnippet
  api=1 type=0 insize=2803 outsize=204 kw= ok=1
Cmd: compileSnippet
  api=1 type=1 insize=2803 outsize=12477 kw= ok=1
Cmd: compileSnippet
  api=1 type=0 insize=3079 outsize=169 kw= ok=1
Cmd: compileSnippet
  api=1 type=1 insize=3079 outsize=1336 kw= ok=1
Cmd: compileSnippet
  api=1 type=0 insize=2019 outsize=249 kw= ok=1
Cmd: compileSnippet
  api=1 type=1 insize=2019 outsize=160 kw= ok=1
Cmd: preprocess
  insize=1242 outsize=333 ok=1
Cmd: compileSnippet
  api=1 type=0 insize=1171 outsize=351 kw= ok=1
Cmd: compileSnippet
  api=1 type=1 insize=1171 outsize=254 kw= ok=1
Cmd: preprocess
  insize=13357 outsize=2694 ok=1
Cmd: compileSnippet
  api=1 type=0 insize=10220 outsize=2620 kw=WATER_REFLECTIVE WATER_VERTEX_DISPLACEMENT_ON WATER_EDGEBLEND_ON ok=1
Cmd: compileSnippet
  api=1 type=1 insize=10220 outsize=1826 kw=WATER_REFLECTIVE WATER_VERTEX_DISPLACEMENT_ON WATER_EDGEBLEND_ON ok=1
Cmd: compileSnippet
  api=1 type=0 insize=10224 outsize=2463 kw=WATER_REFLECTIVE WATER_VERTEX_DISPLACEMENT_ON WATER_EDGEBLEND_ON ok=1
Cmd: compileSnippet
  api=1 type=1 insize=10224 outsize=1339 kw=WATER_REFLECTIVE WATER_VERTEX_DISPLACEMENT_ON WATER_EDGEBLEND_ON ok=1
Cmd: compileSnippet
  api=1 type=0 insize=9966 outsize=277 kw= ok=1
Cmd: compileSnippet
  api=1 type=1 insize=9966 outsize=1100 kw= ok=1
Cmd: preprocess
  insize=1101 outsize=904 ok=1
Cmd: compileSnippet
  api=1 type=0 insize=4871 outsize=595 kw=DIRECTIONAL SHADOWS_OFF LIGHTMAP_OFF DIRLIGHTMAP_OFF ok=1
Cmd: compileSnippet
  api=1 type=1 insize=4871 outsize=345 kw=DIRECTIONAL SHADOWS_OFF LIGHTMAP_OFF DIRLIGHTMAP_OFF ok=1
Cmd: compileSnippet
  api=1 type=0 insize=2847 outsize=383 kw=POINT ok=1
Cmd: compileSnippet
  api=1 type=1 insize=2847 outsize=538 kw=POINT ok=1
Cmd: preprocess
  insize=2776 outsize=811 ok=1
Cmd: compileSnippet
  api=1 type=0 insize=1987 outsize=335 kw= ok=1
Cmd: compileSnippet
  api=1 type=1 insize=1987 outsize=206 kw= ok=1
Cmd: compileSnippet
  api=1 type=0 insize=1985 outsize=335 kw= ok=1
Cmd: compileSnippet
  api=1 type=1 insize=1985 outsize=117 kw= ok=1
Cmd: compileSnippet
  api=1 type=0 insize=1998 outsize=329 kw= ok=1
Cmd: compileSnippet
  api=1 type=1 insize=1998 outsize=242 kw= ok=1
Cmd: compileSnippet
  api=1 type=0 insize=1996 outsize=335 kw= ok=1
Cmd: compileSnippet
  api=1 type=1 insize=1996 outsize=101 kw= ok=1
Cmd: preprocess
  insize=1034 outsize=323 ok=1
Cmd: compileSnippet
  api=1 type=0 insize=975 outsize=132 kw= ok=1
Cmd: compileSnippet
  api=1 type=1 insize=975 outsize=249 kw= ok=1
Cmd: preprocess
  insize=1450 outsize=406 ok=1
Cmd: compileSnippet
  api=1 type=0 insize=1302 outsize=297 kw= ok=1
Cmd: compileSnippet
  api=1 type=1 insize=1302 outsize=265 kw= ok=1
Cmd: preprocess
  insize=1509 outsize=370 ok=1
Cmd: compileSnippet
  api=1 type=0 insize=1386 outsize=388 kw= ok=1
Cmd: compileSnippet
  api=1 type=1 insize=1386 outsize=225 kw= ok=1
Cmd: preprocess
  insize=1768 outsize=749 ok=1
Cmd: compileSnippet
  api=1 type=0 insize=1294 outsize=381 kw= ok=1
Cmd: compileSnippet
  api=1 type=1 insize=1294 outsize=242 kw= ok=1
Cmd: preprocess
  insize=495 outsize=495 ok=1
Cmd: preprocess
  insize=1472 outsize=363 ok=1
Cmd: compileSnippet
  api=1 type=0 insize=1366 outsize=269 kw= ok=1
Cmd: compileSnippet
  api=1 type=1 insize=1366 outsize=297 kw= ok=1
Cmd: preprocess
  insize=2554 outsize=569 ok=1
Cmd: compileSnippet
  api=1 type=0 insize=2219 outsize=425 kw= ok=1
Cmd: compileSnippet
  api=1 type=1 insize=2219 outsize=430 kw= ok=1
Cmd: preprocess
  insize=1345 outsize=347 ok=1
Cmd: compileSnippet
  api=1 type=0 insize=1251 outsize=335 kw= ok=1
Cmd: compileSnippet
  api=1 type=1 insize=1251 outsize=374 kw= ok=1
Cmd: preprocess
  insize=2408 outsize=673 ok=1
Cmd: compileSnippet
  api=1 type=0 insize=1975 outsize=366 kw= ok=1
Cmd: compileSnippet
  api=1 type=1 insize=1975 outsize=1067 kw= ok=1
Cmd: preprocess
  insize=1026 outsize=288 ok=1
Cmd: compileSnippet
  api=1 type=0 insize=1001 outsize=137 kw= ok=1
Cmd: compileSnippet
  api=1 type=1 insize=1001 outsize=352 kw= ok=1
Cmd: preprocess
  insize=2179 outsize=567 ok=1
Cmd: compileSnippet
  api=1 type=0 insize=1852 outsize=308 kw= ok=1
Cmd: compileSnippet
  api=1 type=1 insize=1852 outsize=331 kw= ok=1
Cmd: preprocess
  insize=833 outsize=338 ok=1
Cmd: compileSnippet
  api=1 type=0 insize=776 outsize=211 kw= ok=1
Cmd: compileSnippet
  api=1 type=1 insize=776 outsize=281 kw= ok=1
Cmd: preprocess
  insize=6770 outsize=1061 ok=1
Cmd: compileSnippet
  api=1 type=0 insize=5451 outsize=335 kw= ok=1
Cmd: compileSnippet
  api=1 type=1 insize=5451 outsize=111 kw= ok=1
Cmd: compileSnippet
  api=1 type=0 insize=5459 outsize=302 kw= ok=1
Cmd: compileSnippet
  api=1 type=1 insize=5459 outsize=314 kw= ok=1
Cmd: compileSnippet
  api=1 type=0 insize=5463 outsize=244 kw= ok=1
Cmd: compileSnippet
  api=1 type=1 insize=5463 outsize=824 kw= ok=1
Cmd: compileSnippet
  api=1 type=0 insize=5464 outsize=239 kw= ok=1
Cmd: compileSnippet
  api=1 type=1 insize=5464 outsize=824 kw= ok=1
Cmd: compileSnippet
  api=1 type=0 insize=5468 outsize=412 kw= ok=1
Cmd: compileSnippet
  api=1 type=1 insize=5468 outsize=662 kw= ok=1
Cmd: compileSnippet
  api=1 type=0 insize=5470 outsize=412 kw= ok=1
Cmd: compileSnippet
  api=1 type=1 insize=5470 outsize=662 kw= ok=1
Cmd: preprocess
  insize=33468 outsize=288 ok=1
Cmd: compileSnippet
  api=1 type=0 insize=32668 outsize=156 kw= ok=1
Cmd: compileSnippet
  api=1 type=1 insize=32668 outsize=4416 kw= ok=1
Cmd: preprocess
  insize=1289 outsize=279 ok=1
Cmd: compileSnippet
  api=1 type=0 insize=1265 outsize=179 kw= ok=1
Cmd: compileSnippet
  api=1 type=1 insize=1265 outsize=652 kw= ok=1
Cmd: preprocess
  insize=3759 outsize=744 ok=1
Cmd: compileSnippet
  api=1 type=0 insize=2934 outsize=437 kw= ok=1
Cmd: compileSnippet
  api=1 type=1 insize=2934 outsize=570 kw= ok=1
Cmd: compileSnippet
  api=1 type=0 insize=2925 outsize=437 kw= ok=1
Cmd: compileSnippet
  api=1 type=1 insize=2925 outsize=336 kw= ok=1
Cmd: compileSnippet
  api=1 type=0 insize=2924 outsize=437 kw= ok=1
Cmd: compileSnippet
  api=1 type=1 insize=2924 outsize=391 kw= ok=1
Cmd: compileSnippet
  api=1 type=0 insize=2936 outsize=437 kw= ok=1
Cmd: compileSnippet
  api=1 type=1 insize=2936 outsize=553 kw= ok=1
Cmd: preprocess
  insize=1478 outsize=643 ok=1
Cmd: compileSnippet
  api=1 type=0 insize=1097 outsize=240 kw= ok=1
Cmd: compileSnippet
  api=1 type=1 insize=1097 outsize=156 kw= ok=1
Cmd: preprocess
  insize=876 outsize=876 ok=1
Cmd: preprocess
  insize=1065 outsize=267 ok=1
Cmd: compileSnippet
  api=1 type=0 insize=1059 outsize=271 kw= ok=1
Cmd: compileSnippet
  api=1 type=1 insize=1059 outsize=248 kw= ok=1
Cmd: preprocess
  insize=1552 outsize=893 ok=1
Cmd: compileSnippet
  api=1 type=0 insize=924 outsize=158 kw= ok=1
Cmd: compileSnippet
  api=1 type=1 insize=924 outsize=104 kw= ok=1
Cmd: preprocess
  insize=1581 outsize=662 ok=1
Cmd: compileSnippet
  api=1 type=0 insize=1179 outsize=240 kw= ok=1
Cmd: compileSnippet
  api=1 type=1 insize=1179 outsize=138 kw= ok=1
Cmd: preprocess
  insize=5638 outsize=1882 ok=1
Cmd: compileSnippet
  api=1 type=0 insize=3253 outsize=335 kw= ok=1
Cmd: compileSnippet
  api=1 type=1 insize=3253 outsize=208 kw= ok=1
Cmd: compileSnippet
  api=1 type=0 insize=3251 outsize=335 kw= ok=1
Cmd: compileSnippet
  api=1 type=1 insize=3251 outsize=120 kw= ok=1
Cmd: compileSnippet
  api=1 type=0 insize=3267 outsize=344 kw= ok=1
Cmd: compileSnippet
  api=1 type=1 insize=3267 outsize=239 kw= ok=1
Cmd: compileSnippet
  api=1 type=0 insize=3259 outsize=335 kw= ok=1
Cmd: compileSnippet
  api=1 type=1 insize=3259 outsize=101 kw= ok=1
Cmd: compileSnippet
  api=1 type=0 insize=3259 outsize=335 kw= ok=1
Cmd: compileSnippet
  api=1 type=1 insize=3259 outsize=208 kw= ok=1
Cmd: compileSnippet
  api=1 type=0 insize=3256 outsize=335 kw= ok=1
Cmd: compileSnippet
  api=1 type=1 insize=3256 outsize=120 kw= ok=1
Cmd: compileSnippet
  api=1 type=0 insize=3268 outsize=344 kw= ok=1
Cmd: compileSnippet
  api=1 type=1 insize=3268 outsize=242 kw= ok=1
Cmd: compileSnippet
  api=1 type=0 insize=3261 outsize=335 kw= ok=1
Cmd: compileSnippet
  api=1 type=1 insize=3261 outsize=125 kw= ok=1
Cmd: compileSnippet
  api=1 type=0 insize=3254 outsize=335 kw= ok=1
Cmd: compileSnippet
  api=1 type=1 insize=3254 outsize=66 kw= ok=1
Cmd: compileSnippet
  api=1 type=0 insize=3258 outsize=335 kw= ok=1
Cmd: compileSnippet
  api=1 type=1 insize=3258 outsize=79 kw= ok=1
Cmd: compileSnippet
  api=1 type=0 insize=3253 outsize=335 kw= ok=1
Cmd: compileSnippet
  api=1 type=1 insize=3253 outsize=59 kw= ok=1
Cmd: preprocess
  insize=2814 outsize=910 ok=1
Cmd: compileSnippet
  api=1 type=0 insize=2137 outsize=425 kw= ok=1
Cmd: compileSnippet
  api=1 type=1 insize=2137 outsize=450 kw= ok=1
Cmd: preprocess
  insize=769 outsize=769 ok=1
Cmd: preprocess
  insize=14395 outsize=2160 ok=1
Cmd: compileSnippet
  api=1 type=0 insize=11209 outsize=156 kw= ok=1
Cmd: compileSnippet
  api=1 type=1 insize=11209 outsize=676 kw= ok=1
Cmd: compileSnippet
  api=1 type=0 insize=11201 outsize=156 kw= ok=1
Cmd: compileSnippet
  api=1 type=1 insize=11201 outsize=142 kw= ok=1
Cmd: compileSnippet
  api=1 type=0 insize=11209 outsize=156 kw= ok=1
Cmd: compileSnippet
  api=1 type=1 insize=11209 outsize=781 kw= ok=1
Cmd: compileSnippet
  api=1 type=0 insize=11215 outsize=156 kw= ok=1
Cmd: compileSnippet
  api=1 type=1 insize=11215 outsize=1716 kw= ok=1
Cmd: compileSnippet
  api=1 type=0 insize=11225 outsize=156 kw= ok=1
Cmd: compileSnippet
  api=1 type=1 insize=11225 outsize=2025 kw= ok=1
Cmd: compileSnippet
  api=1 type=0 insize=11212 outsize=156 kw= ok=1
Cmd: compileSnippet
  api=1 type=1 insize=11212 outsize=896 kw= ok=1
Cmd: compileSnippet
  api=1 type=0 insize=11211 outsize=156 kw= ok=1
Cmd: compileSnippet
  api=1 type=1 insize=11211 outsize=2014 kw= ok=1
Cmd: compileSnippet
  api=1 type=0 insize=11217 outsize=156 kw= ok=1
Cmd: compileSnippet
  api=1 type=1 insize=11217 outsize=12861 kw= ok=1
Cmd: preprocess
  insize=1104 outsize=377 ok=1
Cmd: compileSnippet
  api=1 type=0 insize=992 outsize=132 kw= ok=1
Cmd: compileSnippet
  api=1 type=1 insize=992 outsize=301 kw= ok=1
Cmd: preprocess
  insize=12509 outsize=2575 ok=1
Cmd: compileSnippet
  api=1 type=0 insize=9506 outsize=2566 kw=WATER_REFLECTIVE WATER_VERTEX_DISPLACEMENT_ON WATER_EDGEBLEND_ON ok=1
Cmd: compileSnippet
  api=1 type=1 insize=9506 outsize=1421 kw=WATER_REFLECTIVE WATER_VERTEX_DISPLACEMENT_ON WATER_EDGEBLEND_ON ok=1
Cmd: compileSnippet
  api=1 type=0 insize=9510 outsize=2427 kw=WATER_REFLECTIVE WATER_VERTEX_DISPLACEMENT_ON WATER_EDGEBLEND_ON ok=1
Cmd: compileSnippet
  api=1 type=1 insize=9510 outsize=1250 kw=WATER_REFLECTIVE WATER_VERTEX_DISPLACEMENT_ON WATER_EDGEBLEND_ON ok=1
Cmd: compileSnippet
  api=1 type=0 insize=9252 outsize=231 kw= ok=1
Cmd: compileSnippet
  api=1 type=1 insize=9252 outsize=1100 kw= ok=1
Cmd: preprocess
  insize=6552 outsize=796 ok=1
Cmd: preprocess
  insize=3116 outsize=825 ok=1
Cmd: compileSnippet
  api=1 type=0 insize=2245 outsize=411 kw= ok=1
Cmd: compileSnippet
  api=1 type=1 insize=2245 outsize=117 kw= ok=1
Cmd: compileSnippet
  api=1 type=0 insize=2247 outsize=411 kw= ok=1
Cmd: compileSnippet
  api=1 type=1 insize=2247 outsize=202 kw= ok=1
Cmd: compileSnippet
  api=1 type=0 insize=2249 outsize=411 kw= ok=1
Cmd: compileSnippet
  api=1 type=1 insize=2249 outsize=128 kw= ok=1
Cmd: compileSnippet
  api=1 type=0 insize=2248 outsize=411 kw= ok=1
Cmd: compileSnippet
  api=1 type=1 insize=2248 outsize=489 kw= ok=1
Cmd: compileSnippet
  api=1 type=0 insize=2251 outsize=411 kw= ok=1
Cmd: compileSnippet
  api=1 type=1 insize=2251 outsize=133 kw= ok=1
Cmd: preprocess
  insize=1640 outsize=567 ok=1
Cmd: compileSnippet
  api=1 type=0 insize=1329 outsize=186 kw= ok=1
Cmd: compileSnippet
  api=1 type=1 insize=1329 outsize=215 kw= ok=1
Cmd: preprocess
  insize=11887 outsize=2702 ok=1
Cmd: compileSnippet
  api=1 type=0 insize=8625 outsize=318 kw= ok=1
Cmd: compileSnippet
  api=1 type=1 insize=8625 outsize=1670 kw= ok=1
Cmd: compileSnippet
  api=1 type=0 insize=8630 outsize=318 kw= ok=1
Cmd: compileSnippet
  api=1 type=1 insize=8630 outsize=2555 kw= ok=1
Cmd: compileSnippet
  api=1 type=0 insize=8629 outsize=318 kw= ok=1
Cmd: compileSnippet
  api=1 type=1 insize=8629 outsize=121 kw= ok=1
Cmd: compileSnippet
  api=1 type=0 insize=8634 outsize=318 kw= ok=1
Cmd: compileSnippet
  api=1 type=1 insize=8634 outsize=549 kw= ok=1
Cmd: compileSnippet
  api=1 type=0 insize=8633 outsize=318 kw= ok=1
Cmd: compileSnippet
  api=1 type=1 insize=8633 outsize=317 kw= ok=1
Cmd: preprocess
  insize=2525 outsize=1217 ok=1
Cmd: compileSnippet
  api=1 type=0 insize=1556 outsize=321 kw= ok=1
Cmd: compileSnippet
  api=1 type=1 insize=1556 outsize=307 kw= ok=1
Cmd: preprocess
  insize=1041 outsize=464 ok=1
Cmd: compileSnippet
  api=1 type=0 insize=848 outsize=211 kw= ok=1
Cmd: compileSnippet
  api=1 type=1 insize=848 outsize=119 kw= ok=1
Cmd: preprocess
  insize=638 outsize=638 ok=1
Cmd: preprocess
  insize=14386 outsize=2775 ok=1
Cmd: compileSnippet
  api=1 type=0 insize=10278 outsize=132 kw= ok=1
Cmd: compileSnippet
  api=1 type=1 insize=10278 outsize=233 kw= ok=1
Cmd: compileSnippet
  api=1 type=0 insize=10278 outsize=132 kw= ok=1
Cmd: compileSnippet
  api=1 type=1 insize=10278 outsize=468 kw= ok=1
Cmd: compileSnippet
  api=1 type=0 insize=10278 outsize=132 kw= ok=1
Cmd: compileSnippet
  api=1 type=1 insize=10278 outsize=484 kw= ok=1
Cmd: compileSnippet
  api=1 type=0 insize=10261 outsize=132 kw= ok=1
Cmd: compileSnippet
  api=1 type=1 insize=10261 outsize=234 kw= ok=1
Cmd: compileSnippet
  api=1 type=0 insize=10280 outsize=132 kw= ok=1
Cmd: compileSnippet
  api=1 type=1 insize=10280 outsize=315 kw= ok=1
Cmd: compileSnippet
  api=1 type=0 insize=10261 outsize=132 kw= ok=1
Cmd: compileSnippet
  api=1 type=1 insize=10261 outsize=326 kw= ok=1
Cmd: compileSnippet
  api=1 type=0 insize=10306 outsize=227 kw= ok=1
Cmd: compileSnippet
  api=1 type=1 insize=10306 outsize=463 kw= ok=1
Cmd: compileSnippet
  api=1 type=0 insize=10260 outsize=132 kw= ok=1
Cmd: compileSnippet
  api=1 type=1 insize=10260 outsize=66 kw= ok=1
Cmd: compileSnippet
  api=1 type=0 insize=10264 outsize=132 kw= ok=1
Cmd: compileSnippet
  api=1 type=1 insize=10264 outsize=59 kw= ok=1
Cmd: compileSnippet
  api=1 type=0 insize=10286 outsize=776 kw= ok=1
Cmd: compileSnippet
  api=1 type=1 insize=10286 outsize=1029 kw= ok=1
Cmd: compileSnippet
  api=1 type=0 insize=10280 outsize=776 kw= ok=1
Cmd: compileSnippet
  api=1 type=1 insize=10280 outsize=1094 kw= ok=1
Cmd: compileSnippet
  api=1 type=0 insize=10286 outsize=776 kw= ok=1
Cmd: compileSnippet
  api=1 type=1 insize=10286 outsize=1029 kw= ok=1
Cmd: preprocess
  insize=2058 outsize=516 ok=1
Cmd: compileSnippet
  api=1 type=0 insize=1746 outsize=132 kw= ok=1
Cmd: compileSnippet
  api=1 type=1 insize=1746 outsize=475 kw= ok=1
Cmd: compileSnippet
  api=1 type=0 insize=1759 outsize=132 kw= ok=1
Cmd: compileSnippet
  api=1 type=1 insize=1759 outsize=523 kw= ok=1
Cmd: preprocess
  insize=1654 outsize=1035 ok=1
Cmd: compileSnippet
  api=1 type=0 insize=867 outsize=316 kw= ok=1
Cmd: compileSnippet
  api=1 type=1 insize=867 outsize=29 kw= ok=1
Cmd: compileSnippet
  api=1 type=0 insize=834 outsize=316 kw= ok=1
Cmd: preprocess
  insize=3105 outsize=1735 ok=1
Cmd: compileSnippet
  api=1 type=0 insize=1612 outsize=422 kw= ok=1
Cmd: compileSnippet
  api=1 type=1 insize=1612 outsize=626 kw= ok=1
Cmd: preprocess
  insize=1508 outsize=511 ok=1
Cmd: compileSnippet
  api=1 type=0 insize=1252 outsize=186 kw= ok=1
Cmd: compileSnippet
  api=1 type=1 insize=1252 outsize=246 kw= ok=1
Cmd: preprocess
  insize=1771 outsize=320 ok=1
Cmd: compileSnippet
  api=1 type=0 insize=1702 outsize=452 kw= ok=1
Cmd: compileSnippet
  api=1 type=1 insize=1702 outsize=765 kw= ok=1
Cmd: preprocess
  insize=1246 outsize=422 ok=1
Cmd: compileSnippet
  api=1 type=0 insize=1088 outsize=246 kw= ok=1
Cmd: compileSnippet
  api=1 type=1 insize=1088 outsize=185 kw= ok=1
Cmd: preprocess
  insize=1207 outsize=411 ok=1
Cmd: compileSnippet
  api=1 type=0 insize=1063 outsize=246 kw= ok=1
Cmd: compileSnippet
  api=1 type=1 insize=1063 outsize=294 kw= ok=1
Cmd: preprocess
  insize=28384 outsize=4971 ok=1
Cmd: compileSnippet
  api=1 type=0 insize=19335 outsize=318 kw= ok=1
Cmd: compileSnippet
  api=1 type=1 insize=19335 outsize=325 kw= ok=1
Cmd: compileSnippet
  api=1 type=0 insize=19342 outsize=595 kw= ok=1
Cmd: compileSnippet
  api=1 type=1 insize=19342 outsize=1097 kw= ok=1
Cmd: compileSnippet
  api=1 type=0 insize=19346 outsize=595 kw= ok=1
Cmd: compileSnippet
  api=1 type=1 insize=19346 outsize=2401 kw= ok=1
Cmd: compileSnippet
  api=1 type=0 insize=19325 outsize=318 kw= ok=1
Cmd: compileSnippet
  api=1 type=1 insize=19325 outsize=66 kw= ok=1
Cmd: compileSnippet
  api=1 type=0 insize=19341 outsize=318 kw= ok=1
Cmd: compileSnippet
  api=1 type=1 insize=19341 outsize=308 kw= ok=1
Cmd: compileSnippet
  api=1 type=0 insize=19328 outsize=318 kw= ok=1
Cmd: compileSnippet
  api=1 type=1 insize=19328 outsize=750 kw= ok=1
Cmd: compileSnippet
  api=1 type=0 insize=19339 outsize=318 kw= ok=1
Cmd: compileSnippet
  api=1 type=1 insize=19339 outsize=700 kw= ok=1
Cmd: compileSnippet
  api=1 type=0 insize=19335 outsize=318 kw= ok=1
Cmd: compileSnippet
  api=1 type=1 insize=19335 outsize=151 kw= ok=1
Cmd: compileSnippet
  api=1 type=0 insize=19345 outsize=318 kw= ok=1
Cmd: compileSnippet
  api=1 type=1 insize=19345 outsize=323 kw= ok=1
Cmd: compileSnippet
  api=1 type=0 insize=19338 outsize=318 kw= ok=1
Cmd: compileSnippet
  api=1 type=1 insize=19338 outsize=242 kw= ok=1
Cmd: compileSnippet
  api=1 type=0 insize=19345 outsize=318 kw= ok=1
Cmd: compileSnippet
  api=1 type=1 insize=19345 outsize=438 kw= ok=1
Cmd: compileSnippet
  api=1 type=0 insize=19333 outsize=318 kw= ok=1
Cmd: compileSnippet
  api=1 type=1 insize=19333 outsize=9343 kw= ok=1
Cmd: compileSnippet
  api=1 type=0 insize=19342 outsize=318 kw= ok=1
Cmd: compileSnippet
  api=1 type=1 insize=19342 outsize=3693 kw= ok=1
Cmd: compileSnippet
  api=1 type=0 insize=19329 outsize=318 kw= ok=1
Cmd: compileSnippet
  api=1 type=1 insize=19329 outsize=353 kw= ok=1
Cmd: compileSnippet
  api=1 type=0 insize=19344 outsize=318 kw= ok=1
Cmd: compileSnippet
  api=1 type=1 insize=19344 outsize=222 kw= ok=1
Cmd: compileSnippet
  api=1 type=0 insize=19334 outsize=318 kw= ok=1
Cmd: compileSnippet
  api=1 type=1 insize=19334 outsize=385 kw= ok=1
Cmd: compileSnippet
  api=1 type=0 insize=19327 outsize=318 kw= ok=1
Cmd: compileSnippet
  api=1 type=1 insize=19327 outsize=110 kw= ok=1
Cmd: compileSnippet
  api=1 type=0 insize=19335 outsize=318 kw= ok=1
Cmd: compileSnippet
  api=1 type=1 insize=19335 outsize=14835 kw= ok=1
Cmd: compileSnippet
  api=1 type=0 insize=19343 outsize=318 kw= ok=1
Cmd: compileSnippet
  api=1 type=1 insize=19343 outsize=7825 kw= ok=1
Cmd: compileSnippet
  api=1 type=0 insize=19353 outsize=595 kw= ok=1
Cmd: compileSnippet
  api=1 type=1 insize=19353 outsize=1442 kw= ok=1
Cmd: compileSnippet
  api=1 type=0 insize=19331 outsize=318 kw= ok=1
Cmd: compileSnippet
  api=1 type=1 insize=19331 outsize=124 kw= ok=1
Cmd: compileSnippet
  api=1 type=0 insize=19333 outsize=413 kw= ok=1
Cmd: compileSnippet
  api=1 type=1 insize=19333 outsize=750 kw= ok=1
Cmd: compileSnippet
  api=1 type=0 insize=19350 outsize=318 kw= ok=1
Cmd: compileSnippet
  api=1 type=1 insize=19350 outsize=66 kw= ok=1
Cmd: preprocess
  insize=1426 outsize=1426 ok=1
Cmd: preprocess
  insize=4278 outsize=585 ok=1
Cmd: compileSnippet
  api=1 type=0 insize=3765 outsize=443 kw= ok=1
Cmd: compileSnippet
  api=1 type=1 insize=3765 outsize=952 kw= ok=1
Cmd: compileSnippet
  api=1 type=0 insize=3778 outsize=443 kw= ok=1
Cmd: compileSnippet
  api=1 type=1 insize=3778 outsize=420 kw= ok=1
Cmd: compileSnippet
  api=1 type=0 insize=3769 outsize=443 kw= ok=1
Cmd: compileSnippet
  api=1 type=1 insize=3769 outsize=684 kw= ok=1
Cmd: preprocess
  insize=2386 outsize=1259 ok=1
Cmd: compileSnippet
  api=1 type=0 insize=1317 outsize=542 kw= ok=1
Cmd: compileSnippet
  api=1 type=1 insize=1317 outsize=339 kw= ok=1
Cmd: compileSnippet
  api=1 type=0 insize=1014 outsize=542 kw= ok=1
Cmd: preprocess
  insize=1830 outsize=317 ok=1
Cmd: compileSnippet
  api=1 type=0 insize=1749 outsize=339 kw= ok=1
Cmd: compileSnippet
  api=1 type=1 insize=1749 outsize=980 kw= ok=1
Cmd: preprocess
  insize=1095 outsize=373 ok=1
Cmd: compileSnippet
  api=1 type=0 insize=984 outsize=132 kw= ok=1
Cmd: compileSnippet
  api=1 type=1 insize=984 outsize=285 kw= ok=1
Cmd: preprocess
  insize=1210 outsize=487 ok=1
Cmd: compileSnippet
  api=1 type=0 insize=951 outsize=156 kw= ok=1
Cmd: compileSnippet
  api=1 type=1 insize=951 outsize=146 kw= ok=1
Cmd: compileSnippet
  api=1 type=0 insize=957 outsize=156 kw= ok=1
Cmd: compileSnippet
  api=1 type=1 insize=957 outsize=255 kw= ok=1
Cmd: preprocess
  insize=781 outsize=284 ok=1
Cmd: compileSnippet
  api=1 type=0 insize=775 outsize=211 kw= ok=1
Cmd: compileSnippet
  api=1 type=1 insize=775 outsize=197 kw= ok=1
Cmd: preprocess
  insize=6110 outsize=912 ok=1
Cmd: compileSnippet
  api=1 type=0 insize=4952 outsize=379 kw= ok=1
Cmd: compileSnippet
  api=1 type=1 insize=4952 outsize=672 kw= ok=1
Cmd: compileSnippet
  api=1 type=0 insize=4955 outsize=379 kw= ok=1
Cmd: compileSnippet
  api=1 type=1 insize=4955 outsize=379 kw= ok=1
Cmd: compileSnippet
  api=1 type=0 insize=4959 outsize=379 kw= ok=1
Cmd: compileSnippet
  api=1 type=1 insize=4959 outsize=421 kw= ok=1
Cmd: compileSnippet
  api=1 type=0 insize=4968 outsize=132 kw= ok=1
Cmd: compileSnippet
  api=1 type=1 insize=4968 outsize=181 kw= ok=1
Cmd: compileSnippet
  api=1 type=0 insize=4949 outsize=379 kw= ok=1
Cmd: compileSnippet
  api=1 type=1 insize=4949 outsize=672 kw= ok=1
Cmd: preprocess
  insize=5875 outsize=801 ok=1
Cmd: compileSnippet
  api=1 type=0 insize=4698 outsize=132 kw= ok=1
Cmd: compileSnippet
  api=1 type=1 insize=4698 outsize=194 kw= ok=1
Cmd: compileSnippet
  api=1 type=0 insize=4703 outsize=364 kw= ok=1
Cmd: compileSnippet
  api=1 type=1 insize=4703 outsize=329 kw= ok=1
Cmd: compileSnippet
  api=1 type=0 insize=4713 outsize=363 kw= ok=1
Cmd: compileSnippet
  api=1 type=1 insize=4713 outsize=588 kw= ok=1
Cmd: compileSnippet
  api=1 type=0 insize=4708 outsize=363 kw= ok=1
Cmd: compileSnippet
  api=1 type=1 insize=4708 outsize=464 kw= ok=1
Cmd: compileSnippet
  api=1 type=0 insize=4714 outsize=452 kw= ok=1
Cmd: compileSnippet
  api=1 type=1 insize=4714 outsize=765 kw= ok=1
Cmd: preprocess
  insize=626 outsize=382 ok=1
Cmd: compileSnippet
  api=1 type=0 insize=532 outsize=211 kw= ok=1
Cmd: compileSnippet
  api=1 type=1 insize=532 outsize=220 kw= ok=1
Cmd: preprocess
  insize=7618 outsize=976 ok=1
Cmd: compileSnippet
  api=1 type=0 insize=5703 outsize=318 kw= ok=1
Cmd: compileSnippet
  api=1 type=1 insize=5703 outsize=149 kw= ok=1
Cmd: compileSnippet
  api=1 type=0 insize=5703 outsize=318 kw= ok=1
Cmd: compileSnippet
  api=1 type=1 insize=5703 outsize=174 kw= ok=1
Cmd: compileSnippet
  api=1 type=0 insize=5697 outsize=318 kw= ok=1
Cmd: compileSnippet
  api=1 type=1 insize=5697 outsize=2890 kw= ok=1
Cmd: compileSnippet
  api=1 type=0 insize=5696 outsize=318 kw= ok=1
Cmd: compileSnippet
  api=1 type=1 insize=5696 outsize=2915 kw= ok=1
Cmd: compileSnippet
  api=1 type=0 insize=5699 outsize=318 kw= ok=1
Cmd: compileSnippet
  api=1 type=1 insize=5699 outsize=4331 kw= ok=1
Cmd: compileSnippet
  api=1 type=0 insize=5699 outsize=318 kw= ok=1
Cmd: compileSnippet
  api=1 type=1 insize=5699 outsize=4351 kw= ok=1
Cmd: compileSnippet
  api=1 type=0 insize=5701 outsize=318 kw= ok=1
Cmd: compileSnippet
  api=1 type=1 insize=5701 outsize=158 kw= ok=1
Cmd: preprocess
  insize=33477 outsize=288 ok=1
Cmd: compileSnippet
  api=1 type=0 insize=32678 outsize=156 kw= ok=1
Cmd: compileSnippet
  api=1 type=1 insize=32678 outsize=4414 kw= ok=1
Cmd: preprocess
  insize=334 outsize=334 ok=1
Cmd: preprocess
  insize=5475 outsize=1789 ok=1
Cmd: compileSnippet
  api=1 type=0 insize=3862 outsize=450 kw= ok=1
Cmd: compileSnippet
  api=1 type=1 insize=3862 outsize=2057 kw= ok=1
Cmd: preprocess
  insize=6994 outsize=270 ok=1
Cmd: compileSnippet
  api=1 type=0 insize=6851 outsize=310 kw= ok=1
Cmd: compileSnippet
  api=1 type=1 insize=6851 outsize=1855 kw= ok=1
Cmd: preprocess
  insize=4695 outsize=586 ok=1
Cmd: compileSnippet
  api=1 type=0 insize=4192 outsize=458 kw= ok=1
Cmd: compileSnippet
  api=1 type=1 insize=4192 outsize=1043 kw= ok=1
Cmd: compileSnippet
  api=1 type=0 insize=4197 outsize=458 kw= ok=1
Cmd: compileSnippet
  api=1 type=1 insize=4197 outsize=813 kw= ok=1
Cmd: preprocess
  insize=1890 outsize=908 ok=1
Cmd: compileSnippet
  api=1 type=0 insize=1237 outsize=186 kw= ok=1
Cmd: compileSnippet
  api=1 type=1 insize=1237 outsize=217 kw= ok=1
Cmd: preprocess
  insize=2581 outsize=527 ok=1
Cmd: compileSnippet
  api=1 type=0 insize=2284 outsize=425 kw= ok=1
Cmd: compileSnippet
  api=1 type=1 insize=2284 outsize=695 kw= ok=1
Cmd: preprocess
  insize=5097 outsize=1065 ok=1
Cmd: compileSnippet
  api=1 type=0 insize=3836 outsize=335 kw= ok=1
Cmd: compileSnippet
  api=1 type=1 insize=3836 outsize=204 kw= ok=1
Cmd: compileSnippet
  api=1 type=0 insize=3844 outsize=170 kw= ok=1
Cmd: compileSnippet
  api=1 type=1 insize=3844 outsize=393 kw= ok=1
Cmd: compileSnippet
  api=1 type=0 insize=3842 outsize=335 kw= ok=1
Cmd: compileSnippet
  api=1 type=1 insize=3842 outsize=485 kw= ok=1
Cmd: compileSnippet
  api=1 type=0 insize=3844 outsize=335 kw= ok=1
Cmd: compileSnippet
  api=1 type=1 insize=3844 outsize=533 kw= ok=1
Cmd: compileSnippet
  api=1 type=0 insize=3834 outsize=335 kw= ok=1
Cmd: compileSnippet
  api=1 type=1 insize=3834 outsize=136 kw= ok=1
Cmd: preprocess
  insize=1574 outsize=702 ok=1
Cmd: compileSnippet
  api=1 type=0 insize=1135 outsize=272 kw= ok=1
Cmd: compileSnippet
  api=1 type=1 insize=1135 outsize=192 kw= ok=1
Cmd: preprocess
  insize=6023 outsize=1333 ok=1
Cmd: preprocess
  insize=840 outsize=323 ok=1
Cmd: compileSnippet
  api=1 type=0 insize=783 outsize=132 kw= ok=1
Cmd: compileSnippet
  api=1 type=1 insize=783 outsize=75 kw= ok=1
Cmd: preprocess
  insize=762 outsize=333 ok=1
Cmd: compileSnippet
  api=1 type=0 insize=710 outsize=211 kw= ok=1
Cmd: compileSnippet
  api=1 type=1 insize=710 outsize=215 kw= ok=1
Cmd: preprocess
  insize=664 outsize=664 ok=1
Cmd: preprocess
  insize=1000 outsize=1000 ok=1
Cmd: preprocess
  insize=4098 outsize=684 ok=1
Cmd: compileSnippet
  api=1 type=0 insize=3333 outsize=132 kw= ok=1
Cmd: compileSnippet
  api=1 type=1 insize=3333 outsize=232 kw= ok=1
Cmd: compileSnippet
  api=1 type=0 insize=3341 outsize=364 kw= ok=1
Cmd: compileSnippet
  api=1 type=1 insize=3341 outsize=329 kw= ok=1
Cmd: compileSnippet
  api=1 type=0 insize=3350 outsize=462 kw= ok=1
Cmd: compileSnippet
  api=1 type=1 insize=3350 outsize=467 kw= ok=1
Cmd: compileSnippet
  api=1 type=0 insize=3345 outsize=462 kw= ok=1
Cmd: compileSnippet
  api=1 type=1 insize=3345 outsize=464 kw= ok=1
Cmd: preprocess
  insize=1545 outsize=540 ok=1
Cmd: compileSnippet
  api=1 type=0 insize=1260 outsize=186 kw= ok=1
Cmd: compileSnippet
  api=1 type=1 insize=1260 outsize=459 kw= ok=1
Cmd: preprocess
  insize=933 outsize=319 ok=1
Cmd: compileSnippet
  api=1 type=0 insize=884 outsize=132 kw= ok=1
Cmd: compileSnippet
  api=1 type=1 insize=884 outsize=212 kw= ok=1
Cmd: preprocess
  insize=1510 outsize=900 ok=1
Cmd: compileSnippet
  api=1 type=0 insize=876 outsize=158 kw= ok=1
Cmd: compileSnippet
  api=1 type=1 insize=876 outsize=81 kw= ok=1
Cmd: preprocess
  insize=1812 outsize=1056 ok=1
Cmd: compileSnippet
  api=1 type=0 insize=1020 outsize=171 kw= ok=1
Cmd: compileSnippet
  api=1 type=1 insize=1020 outsize=141 kw= ok=1
Cmd: preprocess
  insize=1413 outsize=316 ok=1
Cmd: compileSnippet
  api=1 type=0 insize=1354 outsize=379 kw= ok=1
Cmd: compileSnippet
  api=1 type=1 insize=1354 outsize=582 kw= ok=1
Cmd: preprocess
  insize=2280 outsize=1040 ok=1
Cmd: compileSnippet
  api=1 type=0 insize=912 outsize=145 kw= ok=1
Cmd: compileSnippet
  api=1 type=1 insize=912 outsize=77 kw= ok=1
Cmd: compileSnippet
  api=1 type=0 insize=867 outsize=145 kw= ok=1
Cmd: compileSnippet
  api=1 type=1 insize=867 outsize=59 kw= ok=1
Cmd: preprocess
  insize=1563 outsize=946 ok=1
Cmd: compileSnippet
  api=1 type=0 insize=882 outsize=158 kw= ok=1
Cmd: compileSnippet
  api=1 type=1 insize=882 outsize=81 kw= ok=1
Cmd: preprocess
  insize=1360 outsize=522 ok=1
Cmd: compileSnippet
  api=1 type=0 insize=1099 outsize=240 kw= ok=1
Cmd: compileSnippet
  api=1 type=1 insize=1099 outsize=164 kw= ok=1
Cmd: preprocess
  insize=5551 outsize=816 ok=1
Cmd: preprocess
  insize=1308 outsize=516 ok=1
Cmd: compileSnippet
  api=1 type=0 insize=1051 outsize=158 kw= ok=1
Cmd: compileSnippet
  api=1 type=1 insize=1051 outsize=343 kw= ok=1
Cmd: preprocess
  insize=1143 outsize=513 ok=1
Cmd: compileSnippet
  api=1 type=0 insize=900 outsize=237 kw= ok=1
Cmd: compileSnippet
  api=1 type=1 insize=900 outsize=136 kw= ok=1
Cmd: preprocess
  insize=2206 outsize=525 ok=1
Cmd: compileSnippet
  api=1 type=0 insize=1917 outsize=308 kw= ok=1
Cmd: compileSnippet
  api=1 type=1 insize=1917 outsize=596 kw= ok=1
Cmd: preprocess
  insize=1292 outsize=411 ok=1
Cmd: compileSnippet
  api=1 type=0 insize=1136 outsize=170 kw= ok=1
Cmd: compileSnippet
  api=1 type=1 insize=1136 outsize=393 kw= ok=1
Cmd: preprocess
  insize=623 outsize=277 ok=1
Cmd: compileSnippet
  api=1 type=0 insize=624 outsize=100 kw= ok=1
Cmd: compileSnippet
  api=1 type=1 insize=624 outsize=66 kw= ok=1
Cmd: preprocess
  insize=780 outsize=337 ok=1
Cmd: compileSnippet
  api=1 type=0 insize=721 outsize=132 kw= ok=1
Cmd: compileSnippet
  api=1 type=1 insize=721 outsize=76 kw= ok=1
Cmd: preprocess
  insize=5533 outsize=943 ok=1
Cmd: compileSnippet
  api=1 type=0 insize=4442 outsize=302 kw= ok=1
Cmd: compileSnippet
  api=1 type=1 insize=4442 outsize=242 kw= ok=1
Cmd: compileSnippet
  api=1 type=0 insize=4447 outsize=244 kw= ok=1
Cmd: compileSnippet
  api=1 type=1 insize=4447 outsize=824 kw= ok=1
Cmd: compileSnippet
  api=1 type=0 insize=4448 outsize=239 kw= ok=1
Cmd: compileSnippet
  api=1 type=1 insize=4448 outsize=824 kw= ok=1
Cmd: compileSnippet
  api=1 type=0 insize=4452 outsize=412 kw= ok=1
Cmd: compileSnippet
  api=1 type=1 insize=4452 outsize=662 kw= ok=1
Cmd: compileSnippet
  api=1 type=0 insize=4453 outsize=412 kw= ok=1
Cmd: compileSnippet
  api=1 type=1 insize=4453 outsize=662 kw= ok=1
Cmd: preprocess
  insize=1808 outsize=713 ok=1
Cmd: compileSnippet
  api=1 type=0 insize=1353 outsize=445 kw= ok=1
Cmd: compileSnippet
  api=1 type=1 insize=1353 outsize=284 kw= ok=1
Cmd: compileSnippet
  api=1 type=0 insize=2847 outsize=253 kw=DIRECTIONAL ok=1
Cmd: compileSnippet
  api=1 type=1 insize=2847 outsize=337 kw=DIRECTIONAL ok=1
