Base path: d:/Program Files (x86)/Unity/Editor/Data
Pipe name: \\.\pipe\UnityShaderCompiler-3-3076
Cmd: getPlatforms
Cmd: compileSnippet
  api=1 type=0 insize=876 outsize=158 kw= ok=1
Cmd: compileSnippet
  api=8 type=1 insize=876 outsize=1048 kw= ok=1
Cmd: compileSnippet
  api=8 type=0 insize=1770 outsize=2430 kw= ok=1
Cmd: compileSnippet
  api=8 type=0 insize=2154 outsize=2958 kw= ok=1
Cmd: compileSnippet
  api=8 type=1 insize=2154 outsize=2584 kw= ok=1
Cmd: compileSnippet
  api=8 type=0 insize=1788 outsize=2430 kw= ok=1
Cmd: compileSnippet
  api=1 type=1 insize=1788 outsize=362 kw= ok=1
Cmd: compileSnippet
  api=8 type=0 insize=2219 outsize=2958 kw= ok=1
Cmd: compileSnippet
  api=1 type=1 insize=2219 outsize=430 kw= ok=1
Cmd: compileSnippet
  api=1 type=0 insize=1852 outsize=308 kw= ok=1
Cmd: compileSnippet
  api=8 type=1 insize=1852 outsize=2032 kw= ok=1
Cmd: compileSnippet
  api=1 type=0 insize=1097 outsize=240 kw= ok=1
Cmd: compileSnippet
  api=8 type=1 insize=1097 outsize=1471 kw= ok=1
Cmd: compileSnippet
  api=1 type=0 insize=924 outsize=158 kw= ok=1
Cmd: compileSnippet
  api=1 type=1 insize=924 outsize=104 kw= ok=1
Cmd: compileSnippet
  api=8 type=1 insize=1179 outsize=1463 kw= ok=1
Cmd: compileSnippet
  api=1 type=0 insize=1329 outsize=186 kw= ok=1
Cmd: compileSnippet
  api=8 type=0 insize=1252 outsize=1950 kw= ok=1
Cmd: compileSnippet
  api=8 type=0 insize=1237 outsize=1950 kw= ok=1
Cmd: compileSnippet
  api=1 type=1 insize=1237 outsize=217 kw= ok=1
Cmd: compileSnippet
  api=1 type=1 insize=2284 outsize=695 kw= ok=1
Cmd: compileSnippet
  api=8 type=0 insize=1260 outsize=1950 kw= ok=1
Cmd: compileSnippet
  api=8 type=1 insize=1260 outsize=2535 kw= ok=1
Cmd: compileSnippet
  api=1 type=0 insize=882 outsize=158 kw= ok=1
Cmd: compileSnippet
  api=8 type=1 insize=882 outsize=1048 kw= ok=1
Cmd: compileSnippet
  api=1 type=1 insize=1099 outsize=164 kw= ok=1
Cmd: compileSnippet
  api=1 type=0 insize=1917 outsize=308 kw= ok=1
Cmd: compileSnippet
  api=9 type=0 insize=1770 outsize=1650 kw= ok=1
Cmd: compileSnippet
  api=9 type=1 insize=1770 outsize=7 kw= ok=1
Cmd: compileSnippet
  api=9 type=0 insize=2154 outsize=2151 kw= ok=1
Cmd: compileSnippet
  api=9 type=0 insize=1788 outsize=1628 kw= ok=1
Cmd: compileSnippet
  api=9 type=1 insize=1788 outsize=7 kw= ok=1
Cmd: compileSnippet
  api=9 type=1 insize=2219 outsize=7 kw= ok=1
Cmd: compileSnippet
  api=9 type=1 insize=924 outsize=7 kw= ok=1
Cmd: compileSnippet
  api=9 type=0 insize=1179 outsize=1142 kw= ok=1
Cmd: compileSnippet
  api=9 type=1 insize=1179 outsize=7 kw= ok=1
Cmd: compileSnippet
  api=9 type=1 insize=2137 outsize=7 kw= ok=1
Cmd: compileSnippet
  api=9 type=0 insize=1252 outsize=1108 kw= ok=1
Cmd: compileSnippet
  api=9 type=1 insize=1237 outsize=7 kw= ok=1
Cmd: compileSnippet
  api=9 type=1 insize=2284 outsize=7 kw= ok=1
Cmd: compileSnippet
  api=9 type=1 insize=882 outsize=7 kw= ok=1
Cmd: compileSnippet
  api=9 type=0 insize=1917 outsize=1973 kw= ok=1
Unhandled exception: Readfile from pipe failed. GLE=管道已结束。


Quitting shader compiler process
